<?xml version="1.0" encoding="UTF-8"?>
<testsuite xmlns:xsi="http://www.w3.org/2001/XMLSchema-instance" xsi:noNamespaceSchemaLocation="https://maven.apache.org/surefire/maven-surefire-plugin/xsd/surefire-test-report-3.0.xsd" version="3.0" name="de.maulmann.CSSMinifierTest" time="0.008" tests="1" errors="0" skipped="0" failures="0">
  <properties>
    <property name="java.specification.version" value="21"/>
    <property name="sun.jnu.encoding" value="UTF-8"/>
    <property name="java.class.path" value="/app/target/test-classes:/app/target/classes:/home/jules/.m2/repository/junit/junit/4.13.2/junit-4.13.2.jar:/home/jules/.m2/repository/org/hamcrest/hamcrest-core/1.3/hamcrest-core-1.3.jar:/home/jules/.m2/repository/org/slf4j/slf4j-api/2.0.17/slf4j-api-2.0.17.jar:/home/jules/.m2/repository/org/slf4j/slf4j-simple/2.0.17/slf4j-simple-2.0.17.jar:/home/jules/.m2/repository/software/amazon/awssdk/s3/2.34.2/s3-2.34.2.jar:/home/jules/.m2/repository/software/amazon/awssdk/aws-xml-protocol/2.34.2/aws-xml-protocol-2.34.2.jar:/home/jules/.m2/repository/software/amazon/awssdk/aws-query-protocol/2.34.2/aws-query-protocol-2.34.2.jar:/home/jules/.m2/repository/software/amazon/awssdk/protocol-core/2.34.2/protocol-core-2.34.2.jar:/home/jules/.m2/repository/software/amazon/awssdk/arns/2.34.2/arns-2.34.2.jar:/home/jules/.m2/repository/software/amazon/awssdk/profiles/2.34.2/profiles-2.34.2.jar:/home/jules/.m2/repository/software/amazon/awssdk/crt-core/2.34.2/crt-core-2.34.2.jar:/home/jules/.m2/repository/software/amazon/awssdk/http-auth/2.34.2/http-auth-2.34.2.jar:/home/jules/.m2/repository/software/amazon/awssdk/identity-spi/2.34.2/identity-spi-2.34.2.jar:/home/jules/.m2/repository/software/amazon/awssdk/http-auth-spi/2.34.2/http-auth-spi-2.34.2.jar:/home/jules/.m2/repository/org/reactivestreams/reactive-streams/1.0.4/reactive-streams-1.0.4.jar:/home/jules/.m2/repository/software/amazon/awssdk/http-auth-aws/2.34.2/http-auth-aws-2.34.2.jar:/home/jules/.m2/repository/software/amazon/awssdk/checksums/2.34.2/checksums-2.34.2.jar:/home/jules/.m2/repository/software/amazon/awssdk/checksums-spi/2.34.2/checksums-spi-2.34.2.jar:/home/jules/.m2/repository/software/amazon/awssdk/retries-spi/2.34.2/retries-spi-2.34.2.jar:/home/jules/.m2/repository/software/amazon/awssdk/sdk-core/2.34.2/sdk-core-2.34.2.jar:/home/jules/.m2/repository/software/amazon/awssdk/retries/2.34.2/retries-2.34.2.jar:/home/jules/.m2/repository/software/amazon/awssdk/auth/2.34.2/auth-2.34.2.jar:/home/jules/.m2/repository/software/amazon/awssdk/http-auth-aws-eventstream/2.34.2/http-auth-aws-eventstream-2.34.2.jar:/home/jules/.m2/repository/software/amazon/eventstream/eventstream/1.0.1/eventstream-1.0.1.jar:/home/jules/.m2/repository/software/amazon/awssdk/http-client-spi/2.34.2/http-client-spi-2.34.2.jar:/home/jules/.m2/repository/software/amazon/awssdk/regions/2.34.2/regions-2.34.2.jar:/home/jules/.m2/repository/software/amazon/awssdk/annotations/2.34.2/annotations-2.34.2.jar:/home/jules/.m2/repository/software/amazon/awssdk/utils/2.34.2/utils-2.34.2.jar:/home/jules/.m2/repository/software/amazon/awssdk/aws-core/2.34.2/aws-core-2.34.2.jar:/home/jules/.m2/repository/software/amazon/awssdk/utils-lite/2.34.2/utils-lite-2.34.2.jar:/home/jules/.m2/repository/software/amazon/awssdk/metrics-spi/2.34.2/metrics-spi-2.34.2.jar:/home/jules/.m2/repository/software/amazon/awssdk/json-utils/2.34.2/json-utils-2.34.2.jar:/home/jules/.m2/repository/software/amazon/awssdk/third-party-jackson-core/2.34.2/third-party-jackson-core-2.34.2.jar:/home/jules/.m2/repository/software/amazon/awssdk/endpoints-spi/2.34.2/endpoints-spi-2.34.2.jar:/home/jules/.m2/repository/software/amazon/awssdk/apache-client/2.34.2/apache-client-2.34.2.jar:/home/jules/.m2/repository/org/apache/httpcomponents/httpclient/4.5.13/httpclient-4.5.13.jar:/home/jules/.m2/repository/commons-logging/commons-logging/1.2/commons-logging-1.2.jar:/home/jules/.m2/repository/org/apache/httpcomponents/httpcore/4.4.16/httpcore-4.4.16.jar:/home/jules/.m2/repository/commons-codec/commons-codec/1.17.1/commons-codec-1.17.1.jar:/home/jules/.m2/repository/software/amazon/awssdk/netty-nio-client/2.34.2/netty-nio-client-2.34.2.jar:/home/jules/.m2/repository/io/netty/netty-codec-http/4.1.126.Final/netty-codec-http-4.1.126.Final.jar:/home/jules/.m2/repository/io/netty/netty-codec-http2/4.1.126.Final/netty-codec-http2-4.1.126.Final.jar:/home/jules/.m2/repository/io/netty/netty-codec/4.1.126.Final/netty-codec-4.1.126.Final.jar:/home/jules/.m2/repository/io/netty/netty-transport/4.1.126.Final/netty-transport-4.1.126.Final.jar:/home/jules/.m2/repository/io/netty/netty-common/4.1.126.Final/netty-common-4.1.126.Final.jar:/home/jules/.m2/repository/io/netty/netty-buffer/4.1.126.Final/netty-buffer-4.1.126.Final.jar:/home/jules/.m2/repository/io/netty/netty-handler/4.1.126.Final/netty-handler-4.1.126.Final.jar:/home/jules/.m2/repository/io/netty/netty-transport-native-unix-common/4.1.126.Final/netty-transport-native-unix-common-4.1.126.Final.jar:/home/jules/.m2/repository/io/netty/netty-transport-classes-epoll/4.1.126.Final/netty-transport-classes-epoll-4.1.126.Final.jar:/home/jules/.m2/repository/io/netty/netty-resolver/4.1.126.Final/netty-resolver-4.1.126.Final.jar:/home/jules/.m2/repository/com/yahoo/platform/yui/yuicompressor/2.4.8/yuicompressor-2.4.8.jar:/home/jules/.m2/repository/rhino/js/1.7R2/js-1.7R2.jar:/home/jules/.m2/repository/org/jsoup/jsoup/1.21.2/jsoup-1.21.2.jar:/home/jules/.m2/repository/org/junit/jupiter/junit-jupiter-api/5.13.4/junit-jupiter-api-5.13.4.jar:/home/jules/.m2/repository/org/opentest4j/opentest4j/1.3.0/opentest4j-1.3.0.jar:/home/jules/.m2/repository/org/junit/platform/junit-platform-commons/1.13.4/junit-platform-commons-1.13.4.jar:/home/jules/.m2/repository/org/apiguardian/apiguardian-api/1.1.2/apiguardian-api-1.1.2.jar:"/>
    <property name="java.vm.vendor" value="Ubuntu"/>
    <property name="sun.arch.data.model" value="64"/>
    <property name="java.vendor.url" value="https://ubuntu.com/"/>
    <property name="user.timezone" value="Etc/UTC"/>
    <property name="os.name" value="Linux"/>
    <property name="java.vm.specification.version" value="21"/>
    <property name="sun.java.launcher" value="SUN_STANDARD"/>
    <property name="sun.boot.library.path" value="/usr/lib/jvm/java-21-openjdk-amd64/lib"/>
    <property name="sun.java.command" value="/app/target/surefire/surefirebooter-20250928092242145_3.jar /app/target/surefire 2025-09-28T09-22-41_775-jvmRun1 surefire-20250928092242145_1tmp surefire_0-20250928092242145_2tmp"/>
    <property name="jdk.debug" value="release"/>
    <property name="surefire.test.class.path" value="/app/target/test-classes:/app/target/classes:/home/jules/.m2/repository/junit/junit/4.13.2/junit-4.13.2.jar:/home/jules/.m2/repository/org/hamcrest/hamcrest-core/1.3/hamcrest-core-1.3.jar:/home/jules/.m2/repository/org/slf4j/slf4j-api/2.0.17/slf4j-api-2.0.17.jar:/home/jules/.m2/repository/org/slf4j/slf4j-simple/2.0.17/slf4j-simple-2.0.17.jar:/home/jules/.m2/repository/software/amazon/awssdk/s3/2.34.2/s3-2.34.2.jar:/home/jules/.m2/repository/software/amazon/awssdk/aws-xml-protocol/2.34.2/aws-xml-protocol-2.34.2.jar:/home/jules/.m2/repository/software/amazon/awssdk/aws-query-protocol/2.34.2/aws-query-protocol-2.34.2.jar:/home/jules/.m2/repository/software/amazon/awssdk/protocol-core/2.34.2/protocol-core-2.34.2.jar:/home/jules/.m2/repository/software/amazon/awssdk/arns/2.34.2/arns-2.34.2.jar:/home/jules/.m2/repository/software/amazon/awssdk/profiles/2.34.2/profiles-2.34.2.jar:/home/jules/.m2/repository/software/amazon/awssdk/crt-core/2.34.2/crt-core-2.34.2.jar:/home/jules/.m2/repository/software/amazon/awssdk/http-auth/2.34.2/http-auth-2.34.2.jar:/home/jules/.m2/repository/software/amazon/awssdk/identity-spi/2.34.2/identity-spi-2.34.2.jar:/home/jules/.m2/repository/software/amazon/awssdk/http-auth-spi/2.34.2/http-auth-spi-2.34.2.jar:/home/jules/.m2/repository/org/reactivestreams/reactive-streams/1.0.4/reactive-streams-1.0.4.jar:/home/jules/.m2/repository/software/amazon/awssdk/http-auth-aws/2.34.2/http-auth-aws-2.34.2.jar:/home/jules/.m2/repository/software/amazon/awssdk/checksums/2.34.2/checksums-2.34.2.jar:/home/jules/.m2/repository/software/amazon/awssdk/checksums-spi/2.34.2/checksums-spi-2.34.2.jar:/home/jules/.m2/repository/software/amazon/awssdk/retries-spi/2.34.2/retries-spi-2.34.2.jar:/home/jules/.m2/repository/software/amazon/awssdk/sdk-core/2.34.2/sdk-core-2.34.2.jar:/home/jules/.m2/repository/software/amazon/awssdk/retries/2.34.2/retries-2.34.2.jar:/home/jules/.m2/repository/software/amazon/awssdk/auth/2.34.2/auth-2.34.2.jar:/home/jules/.m2/repository/software/amazon/awssdk/http-auth-aws-eventstream/2.34.2/http-auth-aws-eventstream-2.34.2.jar:/home/jules/.m2/repository/software/amazon/eventstream/eventstream/1.0.1/eventstream-1.0.1.jar:/home/jules/.m2/repository/software/amazon/awssdk/http-client-spi/2.34.2/http-client-spi-2.34.2.jar:/home/jules/.m2/repository/software/amazon/awssdk/regions/2.34.2/regions-2.34.2.jar:/home/jules/.m2/repository/software/amazon/awssdk/annotations/2.34.2/annotations-2.34.2.jar:/home/jules/.m2/repository/software/amazon/awssdk/utils/2.34.2/utils-2.34.2.jar:/home/jules/.m2/repository/software/amazon/awssdk/aws-core/2.34.2/aws-core-2.34.2.jar:/home/jules/.m2/repository/software/amazon/awssdk/utils-lite/2.34.2/utils-lite-2.34.2.jar:/home/jules/.m2/repository/software/amazon/awssdk/metrics-spi/2.34.2/metrics-spi-2.34.2.jar:/home/jules/.m2/repository/software/amazon/awssdk/json-utils/2.34.2/json-utils-2.34.2.jar:/home/jules/.m2/repository/software/amazon/awssdk/third-party-jackson-core/2.34.2/third-party-jackson-core-2.34.2.jar:/home/jules/.m2/repository/software/amazon/awssdk/endpoints-spi/2.34.2/endpoints-spi-2.34.2.jar:/home/jules/.m2/repository/software/amazon/awssdk/apache-client/2.34.2/apache-client-2.34.2.jar:/home/jules/.m2/repository/org/apache/httpcomponents/httpclient/4.5.13/httpclient-4.5.13.jar:/home/jules/.m2/repository/commons-logging/commons-logging/1.2/commons-logging-1.2.jar:/home/jules/.m2/repository/org/apache/httpcomponents/httpcore/4.4.16/httpcore-4.4.16.jar:/home/jules/.m2/repository/commons-codec/commons-codec/1.17.1/commons-codec-1.17.1.jar:/home/jules/.m2/repository/software/amazon/awssdk/netty-nio-client/2.34.2/netty-nio-client-2.34.2.jar:/home/jules/.m2/repository/io/netty/netty-codec-http/4.1.126.Final/netty-codec-http-4.1.126.Final.jar:/home/jules/.m2/repository/io/netty/netty-codec-http2/4.1.126.Final/netty-codec-http2-4.1.126.Final.jar:/home/jules/.m2/repository/io/netty/netty-codec/4.1.126.Final/netty-codec-4.1.126.Final.jar:/home/jules/.m2/repository/io/netty/netty-transport/4.1.126.Final/netty-transport-4.1.126.Final.jar:/home/jules/.m2/repository/io/netty/netty-common/4.1.126.Final/netty-common-4.1.126.Final.jar:/home/jules/.m2/repository/io/netty/netty-buffer/4.1.126.Final/netty-buffer-4.1.126.Final.jar:/home/jules/.m2/repository/io/netty/netty-handler/4.1.126.Final/netty-handler-4.1.126.Final.jar:/home/jules/.m2/repository/io/netty/netty-transport-native-unix-common/4.1.126.Final/netty-transport-native-unix-common-4.1.126.Final.jar:/home/jules/.m2/repository/io/netty/netty-transport-classes-epoll/4.1.126.Final/netty-transport-classes-epoll-4.1.126.Final.jar:/home/jules/.m2/repository/io/netty/netty-resolver/4.1.126.Final/netty-resolver-4.1.126.Final.jar:/home/jules/.m2/repository/com/yahoo/platform/yui/yuicompressor/2.4.8/yuicompressor-2.4.8.jar:/home/jules/.m2/repository/rhino/js/1.7R2/js-1.7R2.jar:/home/jules/.m2/repository/org/jsoup/jsoup/1.21.2/jsoup-1.21.2.jar:/home/jules/.m2/repository/org/junit/jupiter/junit-jupiter-api/5.13.4/junit-jupiter-api-5.13.4.jar:/home/jules/.m2/repository/org/opentest4j/opentest4j/1.3.0/opentest4j-1.3.0.jar:/home/jules/.m2/repository/org/junit/platform/junit-platform-commons/1.13.4/junit-platform-commons-1.13.4.jar:/home/jules/.m2/repository/org/apiguardian/apiguardian-api/1.1.2/apiguardian-api-1.1.2.jar:"/>
    <property name="sun.cpu.endian" value="little"/>
    <property name="user.home" value="/home/jules"/>
    <property name="user.language" value="en"/>
    <property name="java.specification.vendor" value="Oracle Corporation"/>
    <property name="java.version.date" value="2025-07-15"/>
    <property name="java.home" value="/usr/lib/jvm/java-21-openjdk-amd64"/>
    <property name="file.separator" value="/"/>
    <property name="basedir" value="/app"/>
    <property name="java.vm.compressedOopsMode" value="32-bit"/>
    <property name="line.separator" value="&#10;"/>
    <property name="java.vm.specification.vendor" value="Oracle Corporation"/>
    <property name="java.specification.name" value="Java Platform API Specification"/>
    <property name="surefire.real.class.path" value="/app/target/surefire/surefirebooter-20250928092242145_3.jar"/>
    <property name="sun.management.compiler" value="HotSpot 64-Bit Tiered Compilers"/>
    <property name="java.runtime.version" value="21.0.8+9-Ubuntu-0ubuntu124.04.1"/>
    <property name="user.name" value="jules"/>
    <property name="stdout.encoding" value="UTF-8"/>
    <property name="path.separator" value=":"/>
    <property name="os.version" value="6.8.0"/>
    <property name="java.runtime.name" value="OpenJDK Runtime Environment"/>
    <property name="file.encoding" value="UTF-8"/>
    <property name="java.vm.name" value="OpenJDK 64-Bit Server VM"/>
    <property name="localRepository" value="/home/jules/.m2/repository"/>
    <property name="java.vendor.url.bug" value="https://bugs.launchpad.net/ubuntu/+source/openjdk-21"/>
    <property name="java.io.tmpdir" value="/tmp"/>
    <property name="java.version" value="21.0.8"/>
    <property name="user.dir" value="/app"/>
    <property name="os.arch" value="amd64"/>
    <property name="java.vm.specification.name" value="Java Virtual Machine Specification"/>
    <property name="native.encoding" value="UTF-8"/>
    <property name="java.library.path" value="/usr/java/packages/lib:/usr/lib/x86_64-linux-gnu/jni:/lib/x86_64-linux-gnu:/usr/lib/x86_64-linux-gnu:/usr/lib/jni:/lib:/usr/lib"/>
    <property name="stderr.encoding" value="UTF-8"/>
    <property name="java.vm.info" value="mixed mode, sharing"/>
    <property name="java.vendor" value="Ubuntu"/>
    <property name="java.vm.version" value="21.0.8+9-Ubuntu-0ubuntu124.04.1"/>
    <property name="sun.io.unicode.encoding" value="UnicodeLittle"/>
    <property name="java.class.version" value="65.0"/>
  </properties>
  <testcase name="testMinifyCSS" classname="de.maulmann.CSSMinifierTest" time="0.006"/>
</testsuite>